<?xml version="1.0" encoding="UTF-8"?>
<!-- Generated by org.testng.reporters.JUnitXMLReporter -->
<testsuite ignored="0" hostname="EC2AMAZ-8KL45D2" failures="0" tests="4" name="Default test" time="57.95" errors="0" timestamp="2024-09-27T10:11:28 UTC">
  <testcase classname="com.Assignments.Assignment5" name="main" time="15.565"/>
  <testcase classname="com.Assignments.Assignment5" name="main" time="15.41"/>
  <testcase classname="com.Assignments.Assignment5" name="main" time="15.398"/>
  <testcase classname="com.Assignments.Assignment5" name="CartTotal" time="0.027"/>
</testsuite> <!-- Default test -->
