<?xml version="1.0" encoding="UTF-8"?>
<testng-results ignored="0" total="4" passed="4" failed="0" skipped="0">
  <reporter-output>
  </reporter-output>
  <suite started-at="2024-09-27T10:10:30 UTC" name="Default suite" finished-at="2024-09-27T10:11:28 UTC" duration-ms="57950">
    <groups>
    </groups>
    <test started-at="2024-09-27T10:10:30 UTC" name="Default test" finished-at="2024-09-27T10:11:28 UTC" duration-ms="57950">
      <class name="com.Assignments.Assignment5">
        <test-method is-config="true" signature="launch()[pri:0, instance:com.Assignments.Assignment5@4802796d]" started-at="2024-09-27T10:10:30 UTC" name="launch" finished-at="2024-09-27T10:10:41 UTC" duration-ms="11242" status="PASS">
          <reporter-output>
          </reporter-output>
        </test-method> <!-- launch -->
        <test-method signature="main(java.lang.String,java.lang.String)[pri:0, instance:com.Assignments.Assignment5@4802796d]" started-at="2024-09-27T10:10:41 UTC" name="main" data-provider="Hover_Content" finished-at="2024-09-27T10:10:57 UTC" duration-ms="15565" status="PASS">
          <params>
            <param index="0">
              <value>
                <![CDATA[Desktops]]>
              </value>
            </param>
            <param index="1">
              <value>
                <![CDATA[1800.00]]>
              </value>
            </param>
          </params>
          <reporter-output>
          </reporter-output>
        </test-method> <!-- main -->
        <test-method signature="main(java.lang.String,java.lang.String)[pri:0, instance:com.Assignments.Assignment5@4802796d]" started-at="2024-09-27T10:10:57 UTC" name="main" data-provider="Hover_Content" finished-at="2024-09-27T10:11:12 UTC" duration-ms="15410" status="PASS">
          <params>
            <param index="0">
              <value>
                <![CDATA[Notebooks]]>
              </value>
            </param>
            <param index="1">
              <value>
                <![CDATA[1590.00]]>
              </value>
            </param>
          </params>
          <reporter-output>
          </reporter-output>
        </test-method> <!-- main -->
        <test-method signature="main(java.lang.String,java.lang.String)[pri:0, instance:com.Assignments.Assignment5@4802796d]" started-at="2024-09-27T10:11:12 UTC" name="main" data-provider="Hover_Content" finished-at="2024-09-27T10:11:27 UTC" duration-ms="15398" status="PASS">
          <params>
            <param index="0">
              <value>
                <![CDATA[Accessories]]>
              </value>
            </param>
            <param index="1">
              <value>
                <![CDATA[3000.00]]>
              </value>
            </param>
          </params>
          <reporter-output>
          </reporter-output>
        </test-method> <!-- main -->
        <test-method signature="CartTotal()[pri:1, instance:com.Assignments.Assignment5@4802796d]" started-at="2024-09-27T10:11:27 UTC" name="CartTotal" finished-at="2024-09-27T10:11:27 UTC" duration-ms="27" status="PASS">
          <reporter-output>
          </reporter-output>
        </test-method> <!-- CartTotal -->
        <test-method is-config="true" signature="close()[pri:0, instance:com.Assignments.Assignment5@4802796d]" started-at="2024-09-27T10:11:27 UTC" name="close" finished-at="2024-09-27T10:11:28 UTC" duration-ms="271" status="PASS">
          <reporter-output>
          </reporter-output>
        </test-method> <!-- close -->
      </class> <!-- com.Assignments.Assignment5 -->
    </test> <!-- Default test -->
  </suite> <!-- Default suite -->
</testng-results>
